gpasm-0.13.7 beta               Objects/RelayDHCP.asm12-13-2016  15:03:42         PAGE  1


LOC  OBJECT CODE     LINE SOURCE TEXT
  VALUE
 
               00001 ;--------------------------------------------------------
               00002 ; File Created by SDCC : free open source ANSI-C Compiler
               00003 ; Version 2.9.4 #5595 (Nov 23 2016) (Mac OS X ppc)
               00004 ; This file was generated Tue Dec 13 15:03:42 2016
               00005 ;--------------------------------------------------------
               00006 ; PIC16 port for the Microchip 16-bit core micros
               00007 ;--------------------------------------------------------
               00008         list    p=18f97j60
               00009 
               00010         radix dec
               00011 
               00012 ;--------------------------------------------------------
               00013 ; public variables in this module
               00014 ;--------------------------------------------------------
               00015         global _ReceiveInput
               00016         global _relayEnable
               00017 
               00018 ;--------------------------------------------------------
               00019 ; extern variables in this module
               00020 ;--------------------------------------------------------
               00021         extern _EBSTCONbits
               00022         extern _MISTATbits
               00023         extern _EFLOCONbits
               00024         extern _MACON1bits
               00025         extern _MACON2bits
               00026         extern _MACON3bits
               00027         extern _MACON4bits
               00028         extern _MACLCON1bits
               00029         extern _MACLCON2bits
               00030         extern _MICONbits
               00031         extern _MICMDbits
               00032         extern _EWOLIEbits
               00033         extern _EWOLIRbits
               00034         extern _ERXFCONbits
               00035         extern _EIEbits
               00036         extern _ESTATbits
               00037         extern _ECON2bits
               00038         extern _EIRbits
               00039         extern _EDATAbits
               00040         extern _SSP2CON2bits
               00041         extern _SSP2CON1bits
               00042         extern _SSP2STATbits
               00043         extern _ECCP2DELbits
               00044         extern _ECCP2ASbits
               00045         extern _ECCP3DELbits
               00046         extern _ECCP3ASbits
               00047         extern _RCSTA2bits
               00048         extern _TXSTA2bits
               00049         extern _CCP5CONbits
               00050         extern _CCP4CONbits
               00051         extern _T4CONbits
               00052         extern _ECCP1DELbits
               00053         extern _BAUDCON2bits
               00054         extern _BAUDCTL2bits
gpasm-0.13.7 beta               Objects/RelayDHCP.asm12-13-2016  15:03:42         PAGE  2


LOC  OBJECT CODE     LINE SOURCE TEXT
  VALUE
 
               00055         extern _BAUDCONbits
               00056         extern _BAUDCON1bits
               00057         extern _BAUDCTLbits
               00058         extern _BAUDCTL1bits
               00059         extern _PORTAbits
               00060         extern _PORTBbits
               00061         extern _PORTCbits
               00062         extern _PORTDbits
               00063         extern _PORTEbits
               00064         extern _PORTFbits
               00065         extern _PORTGbits
               00066         extern _PORTHbits
               00067         extern _PORTJbits
               00068         extern _LATAbits
               00069         extern _LATBbits
               00070         extern _LATCbits
               00071         extern _LATDbits
               00072         extern _LATEbits
               00073         extern _LATFbits
               00074         extern _LATGbits
               00075         extern _LATHbits
               00076         extern _LATJbits
               00077         extern _DDRAbits
               00078         extern _TRISAbits
               00079         extern _DDRBbits
               00080         extern _TRISBbits
               00081         extern _DDRCbits
               00082         extern _TRISCbits
               00083         extern _DDRDbits
               00084         extern _TRISDbits
               00085         extern _DDREbits
               00086         extern _TRISEbits
               00087         extern _DDRFbits
               00088         extern _TRISFbits
               00089         extern _DDRGbits
               00090         extern _TRISGbits
               00091         extern _DDRHbits
               00092         extern _TRISHbits
               00093         extern _DDRJbits
               00094         extern _TRISJbits
               00095         extern _OSCTUNEbits
               00096         extern _MEMCONbits
               00097         extern _PIE1bits
               00098         extern _PIR1bits
               00099         extern _IPR1bits
               00100         extern _PIE2bits
               00101         extern _PIR2bits
               00102         extern _IPR2bits
               00103         extern _PIE3bits
               00104         extern _PIR3bits
               00105         extern _IPR3bits
               00106         extern _EECON1bits
               00107         extern _RCSTAbits
               00108         extern _RCSTA1bits
gpasm-0.13.7 beta               Objects/RelayDHCP.asm12-13-2016  15:03:42         PAGE  3


LOC  OBJECT CODE     LINE SOURCE TEXT
  VALUE
 
               00109         extern _TXSTAbits
               00110         extern _TXSTA1bits
               00111         extern _PSPCONbits
               00112         extern _T3CONbits
               00113         extern _CMCONbits
               00114         extern _CVRCONbits
               00115         extern _ECCP1ASbits
               00116         extern _CCP3CONbits
               00117         extern _ECCP3CONbits
               00118         extern _CCP2CONbits
               00119         extern _ECCP2CONbits
               00120         extern _CCP1CONbits
               00121         extern _ECCP1CONbits
               00122         extern _ADCON2bits
               00123         extern _ADCON1bits
               00124         extern _ADCON0bits
               00125         extern _SSP1CON2bits
               00126         extern _SSPCON2bits
               00127         extern _SSP1CON1bits
               00128         extern _SSPCON1bits
               00129         extern _SSP1STATbits
               00130         extern _SSPSTATbits
               00131         extern _T2CONbits
               00132         extern _T1CONbits
               00133         extern _RCONbits
               00134         extern _WDTCONbits
               00135         extern _ECON1bits
               00136         extern _OSCCONbits
               00137         extern _T0CONbits
               00138         extern _STATUSbits
               00139         extern _INTCON3bits
               00140         extern _INTCON2bits
               00141         extern _INTCONbits
               00142         extern _STKPTRbits
               00143         extern _stdin
               00144         extern _stdout
               00145         extern _AN0String
               00146         extern _AppConfig
               00147         extern _activeUDPSocket
               00148         extern _UDPSocketInfo
               00149         extern _UDPTxCount
               00150         extern _UDPRxCount
               00151         extern _LCDText
               00152         extern _MAADR5
               00153         extern _MAADR6
               00154         extern _MAADR3
               00155         extern _MAADR4
               00156         extern _MAADR1
               00157         extern _MAADR2
               00158         extern _EBSTSD
               00159         extern _EBSTCON
               00160         extern _EBSTCS
               00161         extern _EBSTCSL
               00162         extern _EBSTCSH
gpasm-0.13.7 beta               Objects/RelayDHCP.asm12-13-2016  15:03:42         PAGE  4


LOC  OBJECT CODE     LINE SOURCE TEXT
  VALUE
 
               00163         extern _MISTAT
               00164         extern _EFLOCON
               00165         extern _EPAUS
               00166         extern _EPAUSL
               00167         extern _EPAUSH
               00168         extern _MACON1
               00169         extern _MACON2
               00170         extern _MACON3
               00171         extern _MACON4
               00172         extern _MABBIPG
               00173         extern _MAIPG
               00174         extern _MAIPGL
               00175         extern _MAIPGH
               00176         extern _MACLCON1
               00177         extern _MACLCON2
               00178         extern _MAMXFL
               00179         extern _MAMXFLL
               00180         extern _MAMXFLH
               00181         extern _MICON
               00182         extern _MICMD
               00183         extern _MIREGADR
               00184         extern _MIWR
               00185         extern _MIWRL
               00186         extern _MIWRH
               00187         extern _MIRD
               00188         extern _MIRDL
               00189         extern _MIRDH
               00190         extern _EHT0
               00191         extern _EHT1
               00192         extern _EHT2
               00193         extern _EHT3
               00194         extern _EHT4
               00195         extern _EHT5
               00196         extern _EHT6
               00197         extern _EHT7
               00198         extern _EPMM0
               00199         extern _EPMM1
               00200         extern _EPMM2
               00201         extern _EPMM3
               00202         extern _EPMM4
               00203         extern _EPMM5
               00204         extern _EPMM6
               00205         extern _EPMM7
               00206         extern _EPMCS
               00207         extern _EPMCSL
               00208         extern _EPMCSH
               00209         extern _EPMO
               00210         extern _EPMOL
               00211         extern _EPMOH
               00212         extern _EWOLIE
               00213         extern _EWOLIR
               00214         extern _ERXFCON
               00215         extern _EPKTCNT
               00216         extern _EWRPT
gpasm-0.13.7 beta               Objects/RelayDHCP.asm12-13-2016  15:03:42         PAGE  5


LOC  OBJECT CODE     LINE SOURCE TEXT
  VALUE
 
               00217         extern _EWRPTL
               00218         extern _EWRPTH
               00219         extern _ETXST
               00220         extern _ETXSTL
               00221         extern _ETXSTH
               00222         extern _ETXND
               00223         extern _ETXNDL
               00224         extern _ETXNDH
               00225         extern _ERXST
               00226         extern _ERXSTL
               00227         extern _ERXSTH
               00228         extern _ERXND
               00229         extern _ERXNDL
               00230         extern _ERXNDH
               00231         extern _ERXRDPT
               00232         extern _ERXRDPTL
               00233         extern _ERXRDPTH
               00234         extern _ERXWRPT
               00235         extern _ERXWRPTL
               00236         extern _ERXWRPTH
               00237         extern _EDMAST
               00238         extern _EDMASTL
               00239         extern _EDMASTH
               00240         extern _EDMAND
               00241         extern _EDMANDL
               00242         extern _EDMANDH
               00243         extern _EDMADST
               00244         extern _EDMADSTL
               00245         extern _EDMADSTH
               00246         extern _EDMACS
               00247         extern _EDMACSL
               00248         extern _EDMACSH
               00249         extern _EIE
               00250         extern _ESTAT
               00251         extern _ECON2
               00252         extern _EIR
               00253         extern _EDATA
               00254         extern _SSP2CON2
               00255         extern _SSP2CON1
               00256         extern _SSP2STAT
               00257         extern _SSP2ADD
               00258         extern _SSP2BUF
               00259         extern _ECCP2DEL
               00260         extern _ECCP2AS
               00261         extern _ECCP3DEL
               00262         extern _ECCP3AS
               00263         extern _RCSTA2
               00264         extern _TXSTA2
               00265         extern _TXREG2
               00266         extern _RCREG2
               00267         extern _SPBRG2
               00268         extern _CCP5CON
               00269         extern _CCPR5
               00270         extern _CCPR5L
gpasm-0.13.7 beta               Objects/RelayDHCP.asm12-13-2016  15:03:42         PAGE  6


LOC  OBJECT CODE     LINE SOURCE TEXT
  VALUE
 
               00271         extern _CCPR5H
               00272         extern _CCP4CON
               00273         extern _CCPR4
               00274         extern _CCPR4L
               00275         extern _CCPR4H
               00276         extern _T4CON
               00277         extern _PR4
               00278         extern _TMR4
               00279         extern _ECCP1DEL
               00280         extern _ERDPT
               00281         extern _ERDPTL
               00282         extern _ERDPTH
               00283         extern _BAUDCON2
               00284         extern _BAUDCTL2
               00285         extern _SPBRGH2
               00286         extern _BAUDCON
               00287         extern _BAUDCON1
               00288         extern _BAUDCTL
               00289         extern _BAUDCTL1
               00290         extern _SPBRGH
               00291         extern _SPBRGH1
               00292         extern _PORTA
               00293         extern _PORTB
               00294         extern _PORTC
               00295         extern _PORTD
               00296         extern _PORTE
               00297         extern _PORTF
               00298         extern _PORTG
               00299         extern _PORTH
               00300         extern _PORTJ
               00301         extern _LATA
               00302         extern _LATB
               00303         extern _LATC
               00304         extern _LATD
               00305         extern _LATE
               00306         extern _LATF
               00307         extern _LATG
               00308         extern _LATH
               00309         extern _LATJ
               00310         extern _DDRA
               00311         extern _TRISA
               00312         extern _DDRB
               00313         extern _TRISB
               00314         extern _DDRC
               00315         extern _TRISC
               00316         extern _DDRD
               00317         extern _TRISD
               00318         extern _DDRE
               00319         extern _TRISE
               00320         extern _DDRF
               00321         extern _TRISF
               00322         extern _DDRG
               00323         extern _TRISG
               00324         extern _DDRH
gpasm-0.13.7 beta               Objects/RelayDHCP.asm12-13-2016  15:03:42         PAGE  7


LOC  OBJECT CODE     LINE SOURCE TEXT
  VALUE
 
               00325         extern _TRISH
               00326         extern _DDRJ
               00327         extern _TRISJ
               00328         extern _OSCTUNE
               00329         extern _MEMCON
               00330         extern _PIE1
               00331         extern _PIR1
               00332         extern _IPR1
               00333         extern _PIE2
               00334         extern _PIR2
               00335         extern _IPR2
               00336         extern _PIE3
               00337         extern _PIR3
               00338         extern _IPR3
               00339         extern _EECON1
               00340         extern _EECON2
               00341         extern _RCSTA
               00342         extern _RCSTA1
               00343         extern _TXSTA
               00344         extern _TXSTA1
               00345         extern _TXREG
               00346         extern _TXREG1
               00347         extern _RCREG
               00348         extern _RCREG1
               00349         extern _SPBRG
               00350         extern _SPBRG1
               00351         extern _PSPCON
               00352         extern _T3CON
               00353         extern _TMR3L
               00354         extern _TMR3H
               00355         extern _CMCON
               00356         extern _CVRCON
               00357         extern _ECCP1AS
               00358         extern _CCP3CON
               00359         extern _ECCP3CON
               00360         extern _CCPR3
               00361         extern _CCPR3L
               00362         extern _CCPR3H
               00363         extern _CCP2CON
               00364         extern _ECCP2CON
               00365         extern _CCPR2
               00366         extern _CCPR2L
               00367         extern _CCPR2H
               00368         extern _CCP1CON
               00369         extern _ECCP1CON
               00370         extern _CCPR1
               00371         extern _CCPR1L
               00372         extern _CCPR1H
               00373         extern _ADCON2
               00374         extern _ADCON1
               00375         extern _ADCON0
               00376         extern _ADRES
               00377         extern _ADRESL
               00378         extern _ADRESH
gpasm-0.13.7 beta               Objects/RelayDHCP.asm12-13-2016  15:03:42         PAGE  8


LOC  OBJECT CODE     LINE SOURCE TEXT
  VALUE
 
               00379         extern _SSP1CON2
               00380         extern _SSPCON2
               00381         extern _SSP1CON1
               00382         extern _SSPCON1
               00383         extern _SSP1STAT
               00384         extern _SSPSTAT
               00385         extern _SSP1ADD
               00386         extern _SSPADD
               00387         extern _SSP1BUF
               00388         extern _SSPBUF
               00389         extern _T2CON
               00390         extern _PR2
               00391         extern _TMR2
               00392         extern _T1CON
               00393         extern _TMR1L
               00394         extern _TMR1H
               00395         extern _RCON
               00396         extern _WDTCON
               00397         extern _ECON1
               00398         extern _OSCCON
               00399         extern _T0CON
               00400         extern _TMR0L
               00401         extern _TMR0H
               00402         extern _STATUS
               00403         extern _FSR2L
               00404         extern _FSR2H
               00405         extern _PLUSW2
               00406         extern _PREINC2
               00407         extern _POSTDEC2
               00408         extern _POSTINC2
               00409         extern _INDF2
               00410         extern _BSR
               00411         extern _FSR1L
               00412         extern _FSR1H
               00413         extern _PLUSW1
               00414         extern _PREINC1
               00415         extern _POSTDEC1
               00416         extern _POSTINC1
               00417         extern _INDF1
               00418         extern _WREG
               00419         extern _FSR0L
               00420         extern _FSR0H
               00421         extern _PLUSW0
               00422         extern _PREINC0
               00423         extern _POSTDEC0
               00424         extern _POSTINC0
               00425         extern _INDF0
               00426         extern _INTCON3
               00427         extern _INTCON2
               00428         extern _INTCON
               00429         extern _PROD
               00430         extern _PRODL
               00431         extern _PRODH
               00432         extern _TABLAT
gpasm-0.13.7 beta               Objects/RelayDHCP.asm12-13-2016  15:03:42         PAGE  9


LOC  OBJECT CODE     LINE SOURCE TEXT
  VALUE
 
               00433         extern _TBLPTR
               00434         extern _TBLPTRL
               00435         extern _TBLPTRH
               00436         extern _TBLPTRU
               00437         extern _PC
               00438         extern _PCL
               00439         extern _PCLATH
               00440         extern _PCLATU
               00441         extern _STKPTR
               00442         extern _TOS
               00443         extern _TOSL
               00444         extern _TOSH
               00445         extern _TOSU
               00446         extern _DisplayString
               00447         extern _ARPResolve
               00448         extern _ARPIsResolved
               00449         extern _UDPOpen
               00450         extern _UDPIsGetReady
               00451         extern _UDPGetArray
               00452         extern _UDPDiscard
               00453         extern _LCDErase
               00454 ;--------------------------------------------------------
               00455 ;       Equates to used internal registers
               00456 ;--------------------------------------------------------
  00000FD8     00457 STATUS  equ     0xfd8
  00000FE8     00458 WREG    equ     0xfe8
  00000FE1     00459 FSR1L   equ     0xfe1
  00000FD9     00460 FSR2L   equ     0xfd9
  00000FE5     00461 POSTDEC1        equ     0xfe5
  00000FE4     00462 PREINC1 equ     0xfe4
  00000FDB     00463 PLUSW2  equ     0xfdb
  00000FF3     00464 PRODL   equ     0xff3
               00465 
               00466 
               00467         idata
               00468 _relayEnable    db      0x01
               00469 
               00470 
               00471 ; Internal registers
               00472 .registers      udata_ovr       0x0000
               00473 r0x00   res     1
               00474 r0x01   res     1
               00475 r0x02   res     1
               00476 r0x03   res     1
               00477 r0x04   res     1
               00478 r0x05   res     1
               00479 
               00480 udata_RelayDHCP_0       udata
               00481 _CSocket        res     1
               00482 
               00483 udata_RelayDHCP_1       udata
               00484 _SSocket        res     1
               00485 
               00486 udata_RelayDHCP_2       udata
gpasm-0.13.7 beta               Objects/RelayDHCP.asm12-13-2016  15:03:42         PAGE 10


LOC  OBJECT CODE     LINE SOURCE TEXT
  VALUE
 
               00487 _DHCPServer     res     10
               00488 
               00489 udata_RelayDHCP_3       udata
               00490 _ReceiveInput_clientHeader_1_1  res     34
               00491 
               00492 ;--------------------------------------------------------
               00493 ; global & static initialisations
               00494 ;--------------------------------------------------------
               00495 ; I code from now on!
               00496 ; ; Starting pCode block
               00497 S_RelayDHCP__ReceiveInput       code
0000 00498 _ReceiveInput:
               00499 ;       .line   63; RelayDHCP.c void ReceiveInput(UDP_SOCKET listen) {
0000 CFD9 FFE5 00500         MOVFF   FSR2L, POSTDEC1
0004 CFE1 FFD9 00501         MOVFF   FSR1L, FSR2L
0008 C000 FFE5 00502         MOVFF   r0x00, POSTDEC1
000C C000 FFE5 00503         MOVFF   r0x01, POSTDEC1
0010 C000 FFE5 00504         MOVFF   r0x02, POSTDEC1
0014 0E02      00505         MOVLW   0x02
0016 CFDB F000 00506         MOVFF   PLUSW2, r0x00
               00507 ;       .line   112; RelayDHCP.c        if (UDPIsGetReady(listen) < 241u)
001A 5000      00508         MOVF    r0x00, W
001C 6EE5      00509         MOVWF   POSTDEC1
001E EC00 F000 00510         CALL    _UDPIsGetReady
0022 6E00      00511         MOVWF   r0x00
0024 CFF3 F000 00512         MOVFF   PRODL, r0x01
0028 2AE1      00513         INCF    FSR1L, F
002A 0E00      00514         MOVLW   0x00
002C 5C00      00515         SUBWF   r0x01, W
002E E100      00516         BNZ     _00133_DS_
0030 0EF1      00517         MOVLW   0xf1
0032 5C00      00518         SUBWF   r0x00, W
0034 00519 _00133_DS_:
               00520 ;       .line   113; RelayDHCP.c        return;
0034 E300      00521         BNC     _00130_DS_
               00522 ;       .line   140; RelayDHCP.c        UDPGetArray((BYTE*)&clientHeader, sizeof(clientHeader));
0036 0E00      00523         MOVLW   HIGH(_ReceiveInput_clientHeader_1_1)
0038 6E00      00524         MOVWF   r0x01
003A 0E00      00525         MOVLW   LOW(_ReceiveInput_clientHeader_1_1)
003C 6E00      00526         MOVWF   r0x00
003E 0E80      00527         MOVLW   0x80
0040 6E00      00528         MOVWF   r0x02
0042 0E00      00529         MOVLW   0x00
0044 6EE5      00530         MOVWF   POSTDEC1
0046 0E22      00531         MOVLW   0x22
0048 6EE5      00532         MOVWF   POSTDEC1
004A 5000      00533         MOVF    r0x02, W
004C 6EE5      00534         MOVWF   POSTDEC1
004E 5000      00535         MOVF    r0x01, W
0050 6EE5      00536         MOVWF   POSTDEC1
0052 5000      00537         MOVF    r0x00, W
0054 6EE5      00538         MOVWF   POSTDEC1
0056 EC00 F000 00539         CALL    _UDPGetArray
005A 0E05      00540         MOVLW   0x05
gpasm-0.13.7 beta               Objects/RelayDHCP.asm12-13-2016  15:03:42         PAGE 11


LOC  OBJECT CODE     LINE SOURCE TEXT
  VALUE
 
005C 26E1      00541         ADDWF   FSR1L, F
005E 00542 _00130_DS_:
005E CFE4 F000 00543         MOVFF   PREINC1, r0x02
0062 CFE4 F000 00544         MOVFF   PREINC1, r0x01
0066 CFE4 F000 00545         MOVFF   PREINC1, r0x00
006A CFE4 FFD9 00546         MOVFF   PREINC1, FSR2L
006E 0012      00547         RETURN  
               00548 
               00549 ; ; Starting pCode block
               00550 S_RelayDHCP__Receive    code
0000 00551 _Receive:
               00552 ;       .line   33; RelayDHCP.c static int Receive() {
0000 CFD9 FFE5 00553         MOVFF   FSR2L, POSTDEC1
0004 CFE1 FFD9 00554         MOVFF   FSR1L, FSR2L
0008 C000 FFE5 00555         MOVFF   r0x00, POSTDEC1
000C C000 FFE5 00556         MOVFF   r0x01, POSTDEC1
0010 0000      00557         BANKSEL _relayEnable
               00558 ;       .line   35; RelayDHCP.c if (relayEnable == FALSE) return 0;
0012 5100      00559         MOVF    _relayEnable, W, B
0014 E100      00560         BNZ     _00111_DS_
0016 6AF3      00561         CLRF    PRODL
0018 6AE8      00562         CLRF    WREG
001A D000      00563         BRA     _00116_DS_
001C 00564 _00111_DS_:
               00565 ;       .line   40; RelayDHCP.c CSocket = UDPOpen(DHCP_SERVER_PORT, NULL, DHCP_CLIENT_PORT);
001C 0E00      00566         MOVLW   0x00
001E 6EE5      00567         MOVWF   POSTDEC1
0020 0E44      00568         MOVLW   0x44
0022 6EE5      00569         MOVWF   POSTDEC1
0024 0E00      00570         MOVLW   0x00
0026 6EE5      00571         MOVWF   POSTDEC1
0028 0E00      00572         MOVLW   0x00
002A 6EE5      00573         MOVWF   POSTDEC1
002C 0E00      00574         MOVLW   0x00
002E 6EE5      00575         MOVWF   POSTDEC1
0030 0E00      00576         MOVLW   0x00
0032 6EE5      00577         MOVWF   POSTDEC1
0034 0E43      00578         MOVLW   0x43
0036 6EE5      00579         MOVWF   POSTDEC1
0038 EC00 F000 00580         CALL    _UDPOpen
003C 0000      00581         BANKSEL _CSocket
003E 6F00      00582         MOVWF   _CSocket, B
0040 0E07      00583         MOVLW   0x07
0042 26E1      00584         ADDWF   FSR1L, F
               00585 ;       .line   41; RelayDHCP.c SSocket = UDPOpen(DHCP_CLIENT_PORT, NULL, DHCP_SERVER_PORT);
0044 0E00      00586         MOVLW   0x00
0046 6EE5      00587         MOVWF   POSTDEC1
0048 0E43      00588         MOVLW   0x43
004A 6EE5      00589         MOVWF   POSTDEC1
004C 0E00      00590         MOVLW   0x00
004E 6EE5      00591         MOVWF   POSTDEC1
0050 0E00      00592         MOVLW   0x00
0052 6EE5      00593         MOVWF   POSTDEC1
0054 0E00      00594         MOVLW   0x00
gpasm-0.13.7 beta               Objects/RelayDHCP.asm12-13-2016  15:03:42         PAGE 12


LOC  OBJECT CODE     LINE SOURCE TEXT
  VALUE
 
0056 6EE5      00595         MOVWF   POSTDEC1
0058 0E00      00596         MOVLW   0x00
005A 6EE5      00597         MOVWF   POSTDEC1
005C 0E44      00598         MOVLW   0x44
005E 6EE5      00599         MOVWF   POSTDEC1
0060 EC00 F000 00600         CALL    _UDPOpen
0064 0000      00601         BANKSEL _SSocket
0066 6F00      00602         MOVWF   _SSocket, B
0068 0E07      00603         MOVLW   0x07
006A 26E1      00604         ADDWF   FSR1L, F
               00605 ;       .line   43; RelayDHCP.c if (CSocket == INVALID_UDP_SOCKET || SSocket == INVALID_UDP_SOCKET) {
006C C000 F000 00606         MOVFF   _CSocket, r0x00
0070 6A00      00607         CLRF    r0x01
0072 5000      00608         MOVF    r0x00, W
0074 0AFF      00609         XORLW   0xff
0076 E100      00610         BNZ     _00121_DS_
0078 5000      00611         MOVF    r0x01, W
007A E000      00612         BZ      _00112_DS_
007C 00613 _00121_DS_:
007C C000 F000 00614         MOVFF   _SSocket, r0x00
0080 6A00      00615         CLRF    r0x01
0082 5000      00616         MOVF    r0x00, W
0084 0AFF      00617         XORLW   0xff
0086 E100      00618         BNZ     _00122_DS_
0088 5000      00619         MOVF    r0x01, W
008A E000      00620         BZ      _00112_DS_
008C 00621 _00122_DS_:
008C D000      00622         BRA     _00113_DS_
008E 00623 _00112_DS_:
               00624 ;       .line   45; RelayDHCP.c LCDErase();
008E EC00 F000 00625         CALL    _LCDErase
               00626 ;       .line   46; RelayDHCP.c DisplayString(0 , "Socket ERROR!");
0092 0E00      00627         MOVLW   UPPER(__str_0)
0094 6EE5      00628         MOVWF   POSTDEC1
0096 0E00      00629         MOVLW   HIGH(__str_0)
0098 6EE5      00630         MOVWF   POSTDEC1
009A 0E00      00631         MOVLW   LOW(__str_0)
009C 6EE5      00632         MOVWF   POSTDEC1
009E 0E00      00633         MOVLW   0x00
00A0 6EE5      00634         MOVWF   POSTDEC1
00A2 EC00 F000 00635         CALL    _DisplayString
00A6 0E04      00636         MOVLW   0x04
00A8 26E1      00637         ADDWF   FSR1L, F
               00638 ;       .line   47; RelayDHCP.c return 0;
00AA 6AF3      00639         CLRF    PRODL
00AC 6AE8      00640         CLRF    WREG
00AE D000      00641         BRA     _00116_DS_
00B0 00642 _00113_DS_:
               00643 ;       .line   50; RelayDHCP.c LCDErase();
00B0 EC00 F000 00644         CALL    _LCDErase
               00645 ;       .line   51; RelayDHCP.c DisplayString(0, "Socket success");
00B4 0E00      00646         MOVLW   UPPER(__str_1)
00B6 6EE5      00647         MOVWF   POSTDEC1
00B8 0E00      00648         MOVLW   HIGH(__str_1)
gpasm-0.13.7 beta               Objects/RelayDHCP.asm12-13-2016  15:03:42         PAGE 13


LOC  OBJECT CODE     LINE SOURCE TEXT
  VALUE
 
00BA 6EE5      00649         MOVWF   POSTDEC1
00BC 0E00      00650         MOVLW   LOW(__str_1)
00BE 6EE5      00651         MOVWF   POSTDEC1
00C0 0E00      00652         MOVLW   0x00
00C2 6EE5      00653         MOVWF   POSTDEC1
00C4 EC00 F000 00654         CALL    _DisplayString
00C8 0E04      00655         MOVLW   0x04
00CA 26E1      00656         ADDWF   FSR1L, F
00CC 0000      00657         BANKSEL _SSocket
               00658 ;       .line   57; RelayDHCP.c ReceiveInput(SSocket);
00CE 5100      00659         MOVF    _SSocket, W, B
00D0 6EE5      00660         MOVWF   POSTDEC1
00D2 EC00 F000 00661         CALL    _ReceiveInput
00D6 2AE1      00662         INCF    FSR1L, F
00D8 0000      00663         BANKSEL _CSocket
               00664 ;       .line   58; RelayDHCP.c ReceiveInput(CSocket);
00DA 5100      00665         MOVF    _CSocket, W, B
00DC 6EE5      00666         MOVWF   POSTDEC1
00DE EC00 F000 00667         CALL    _ReceiveInput
00E2 2AE1      00668         INCF    FSR1L, F
               00669 ;       .line   59; RelayDHCP.c UDPDiscard();
00E4 EC00 F000 00670         CALL    _UDPDiscard
               00671 ;       .line   60; RelayDHCP.c return 1;
00E8 6AF3      00672         CLRF    PRODL
00EA 0E01      00673         MOVLW   0x01
00EC 00674 _00116_DS_:
00EC CFE4 F000 00675         MOVFF   PREINC1, r0x01
00F0 CFE4 F000 00676         MOVFF   PREINC1, r0x00
00F4 CFE4 FFD9 00677         MOVFF   PREINC1, FSR2L
00F8 0012      00678         RETURN  
               00679 
               00680 ; ; Starting pCode block
               00681 S_RelayDHCP__getARP     code
0000 00682 _getARP:
               00683 ;       .line   26; RelayDHCP.c static BOOL getARP() {
0000 CFD9 FFE5 00684         MOVFF   FSR2L, POSTDEC1
0004 CFE1 FFD9 00685         MOVFF   FSR1L, FSR2L
0008 C000 FFE5 00686         MOVFF   r0x00, POSTDEC1
000C C000 FFE5 00687         MOVFF   r0x01, POSTDEC1
0010 C000 FFE5 00688         MOVFF   r0x02, POSTDEC1
0014 C000 FFE5 00689         MOVFF   r0x03, POSTDEC1
0018 C000 FFE5 00690         MOVFF   r0x04, POSTDEC1
001C C000 FFE5 00691         MOVFF   r0x05, POSTDEC1
               00692 ;       .line   28; RelayDHCP.c ARPResolve(&DHCPServer.IPAddr);
0020 0E00      00693         MOVLW   HIGH(_DHCPServer)
0022 6E00      00694         MOVWF   r0x01
0024 0E00      00695         MOVLW   LOW(_DHCPServer)
0026 6E00      00696         MOVWF   r0x00
0028 0E80      00697         MOVLW   0x80
002A 6E00      00698         MOVWF   r0x02
002C 5000      00699         MOVF    r0x02, W
002E 6EE5      00700         MOVWF   POSTDEC1
0030 5000      00701         MOVF    r0x01, W
0032 6EE5      00702         MOVWF   POSTDEC1
gpasm-0.13.7 beta               Objects/RelayDHCP.asm12-13-2016  15:03:42         PAGE 14


LOC  OBJECT CODE     LINE SOURCE TEXT
  VALUE
 
0034 5000      00703         MOVF    r0x00, W
0036 6EE5      00704         MOVWF   POSTDEC1
0038 EC00 F000 00705         CALL    _ARPResolve
003C 0E03      00706         MOVLW   0x03
003E 26E1      00707         ADDWF   FSR1L, F
               00708 ;       .line   30; RelayDHCP.c return ARPIsResolved(&DHCPServer.IPAddr, &DHCPServer.MACAddr);
0040 0E00      00709         MOVLW   HIGH(_DHCPServer)
0042 6E00      00710         MOVWF   r0x01
0044 0E00      00711         MOVLW   LOW(_DHCPServer)
0046 6E00      00712         MOVWF   r0x00
0048 0E80      00713         MOVLW   0x80
004A 6E00      00714         MOVWF   r0x02
004C 0E00      00715         MOVLW   HIGH(_DHCPServer + 4)
004E 6E00      00716         MOVWF   r0x04
0050 0E00      00717         MOVLW   LOW(_DHCPServer + 4)
0052 6E00      00718         MOVWF   r0x03
0054 0E80      00719         MOVLW   0x80
0056 6E00      00720         MOVWF   r0x05
0058 5000      00721         MOVF    r0x05, W
005A 6EE5      00722         MOVWF   POSTDEC1
005C 5000      00723         MOVF    r0x04, W
005E 6EE5      00724         MOVWF   POSTDEC1
0060 5000      00725         MOVF    r0x03, W
0062 6EE5      00726         MOVWF   POSTDEC1
0064 5000      00727         MOVF    r0x02, W
0066 6EE5      00728         MOVWF   POSTDEC1
0068 5000      00729         MOVF    r0x01, W
006A 6EE5      00730         MOVWF   POSTDEC1
006C 5000      00731         MOVF    r0x00, W
006E 6EE5      00732         MOVWF   POSTDEC1
0070 EC00 F000 00733         CALL    _ARPIsResolved
0074 6E00      00734         MOVWF   r0x00
0076 0E06      00735         MOVLW   0x06
0078 26E1      00736         ADDWF   FSR1L, F
007A 5000      00737         MOVF    r0x00, W
007C CFE4 F000 00738         MOVFF   PREINC1, r0x05
0080 CFE4 F000 00739         MOVFF   PREINC1, r0x04
0084 CFE4 F000 00740         MOVFF   PREINC1, r0x03
0088 CFE4 F000 00741         MOVFF   PREINC1, r0x02
008C CFE4 F000 00742         MOVFF   PREINC1, r0x01
0090 CFE4 F000 00743         MOVFF   PREINC1, r0x00
0094 CFE4 FFD9 00744         MOVFF   PREINC1, FSR2L
0098 0012      00745         RETURN  
               00746 
               00747 ; ; Starting pCode block
009A 00748 __str_0:
009A 6F53 6B63 00749         DB      0x53, 0x6f, 0x63, 0x6b, 0x65, 0x74, 0x20, 0x45, 0x52, 0x52, 0x4f, 0x52
     7465 4520 
     5252 524F 
00A6 0021      00750         DB      0x21, 0x00
               00751 ; ; Starting pCode block
00A8 00752 __str_1:
00A8 6F53 6B63 00753         DB      0x53, 0x6f, 0x63, 0x6b, 0x65, 0x74, 0x20, 0x73, 0x75, 0x63, 0x63, 0x65
     7465 7320 
gpasm-0.13.7 beta               Objects/RelayDHCP.asm12-13-2016  15:03:42         PAGE 15


LOC  OBJECT CODE     LINE SOURCE TEXT
  VALUE
 
     6375 6563 
00B4 7373 0000 00754         DB      0x73, 0x73, 0x00
               00755 
               00756 
               00757 ; Statistics:
               00758 ; code size:      524 (0x020c) bytes ( 0.40%)
               00759 ;                 262 (0x0106) words
               00760 ; udata size:      46 (0x002e) bytes ( 1.20%)
               00761 ; access size:      6 (0x0006) bytes
               00762 
               00763 
gpasm-0.13.7 beta               Objects/RelayDHCP.asm12-13-2016  15:03:42         PAGE 16


SYMBOL TABLE
  LABEL                             VALUE 

FSR1L                             00000FE1
FSR2L                             00000FD9
PLUSW2                            00000FDB
POSTDEC1                          00000FE5
PREINC1                           00000FE4
PRODL                             00000FF3
STATUS                            00000FD8
WREG                              00000FE8
_00111_DS_                        0000001C
_00112_DS_                        0000008E
_00113_DS_                        000000B0
_00116_DS_                        000000EC
_00121_DS_                        0000007C
_00122_DS_                        0000008C
_00130_DS_                        0000005E
_00133_DS_                        00000034
_ADCON0                           00000000
_ADCON0bits                       00000000
_ADCON1                           00000000
_ADCON1bits                       00000000
_ADCON2                           00000000
_ADCON2bits                       00000000
_ADRES                            00000000
_ADRESH                           00000000
_ADRESL                           00000000
_AN0String                        00000000
_ARPIsResolved                    00000000
_ARPResolve                       00000000
_AppConfig                        00000000
_BAUDCON                          00000000
_BAUDCON1                         00000000
_BAUDCON1bits                     00000000
_BAUDCON2                         00000000
_BAUDCON2bits                     00000000
_BAUDCONbits                      00000000
_BAUDCTL                          00000000
_BAUDCTL1                         00000000
_BAUDCTL1bits                     00000000
_BAUDCTL2                         00000000
_BAUDCTL2bits                     00000000
_BAUDCTLbits                      00000000
_BSR                              00000000
_CCP1CON                          00000000
_CCP1CONbits                      00000000
_CCP2CON                          00000000
_CCP2CONbits                      00000000
_CCP3CON                          00000000
_CCP3CONbits                      00000000
_CCP4CON                          00000000
_CCP4CONbits                      00000000
_CCP5CON                          00000000
_CCP5CONbits                      00000000
_CCPR1                            00000000
gpasm-0.13.7 beta               Objects/RelayDHCP.asm12-13-2016  15:03:42         PAGE 17


LOC  OBJECT CODE     LINE SOURCE TEXT
  VALUE
 
_CCPR1H                           00000000
_CCPR1L                           00000000
_CCPR2                            00000000
_CCPR2H                           00000000
_CCPR2L                           00000000
_CCPR3                            00000000
_CCPR3H                           00000000
_CCPR3L                           00000000
_CCPR4                            00000000
_CCPR4H                           00000000
_CCPR4L                           00000000
_CCPR5                            00000000
_CCPR5H                           00000000
_CCPR5L                           00000000
_CMCON                            00000000
_CMCONbits                        00000000
_CSocket                          00000000
_CVRCON                           00000000
_CVRCONbits                       00000000
_DDRA                             00000000
_DDRAbits                         00000000
_DDRB                             00000000
_DDRBbits                         00000000
_DDRC                             00000000
_DDRCbits                         00000000
_DDRD                             00000000
_DDRDbits                         00000000
_DDRE                             00000000
_DDREbits                         00000000
_DDRF                             00000000
_DDRFbits                         00000000
_DDRG                             00000000
_DDRGbits                         00000000
_DDRH                             00000000
_DDRHbits                         00000000
_DDRJ                             00000000
_DDRJbits                         00000000
_DHCPServer                       00000000
_DisplayString                    00000000
_EBSTCON                          00000000
_EBSTCONbits                      00000000
_EBSTCS                           00000000
_EBSTCSH                          00000000
_EBSTCSL                          00000000
_EBSTSD                           00000000
_ECCP1AS                          00000000
_ECCP1ASbits                      00000000
_ECCP1CON                         00000000
_ECCP1CONbits                     00000000
_ECCP1DEL                         00000000
_ECCP1DELbits                     00000000
_ECCP2AS                          00000000
_ECCP2ASbits                      00000000
_ECCP2CON                         00000000
gpasm-0.13.7 beta               Objects/RelayDHCP.asm12-13-2016  15:03:42         PAGE 18


LOC  OBJECT CODE     LINE SOURCE TEXT
  VALUE
 
_ECCP2CONbits                     00000000
_ECCP2DEL                         00000000
_ECCP2DELbits                     00000000
_ECCP3AS                          00000000
_ECCP3ASbits                      00000000
_ECCP3CON                         00000000
_ECCP3CONbits                     00000000
_ECCP3DEL                         00000000
_ECCP3DELbits                     00000000
_ECON1                            00000000
_ECON1bits                        00000000
_ECON2                            00000000
_ECON2bits                        00000000
_EDATA                            00000000
_EDATAbits                        00000000
_EDMACS                           00000000
_EDMACSH                          00000000
_EDMACSL                          00000000
_EDMADST                          00000000
_EDMADSTH                         00000000
_EDMADSTL                         00000000
_EDMAND                           00000000
_EDMANDH                          00000000
_EDMANDL                          00000000
_EDMAST                           00000000
_EDMASTH                          00000000
_EDMASTL                          00000000
_EECON1                           00000000
_EECON1bits                       00000000
_EECON2                           00000000
_EFLOCON                          00000000
_EFLOCONbits                      00000000
_EHT0                             00000000
_EHT1                             00000000
_EHT2                             00000000
_EHT3                             00000000
_EHT4                             00000000
_EHT5                             00000000
_EHT6                             00000000
_EHT7                             00000000
_EIE                              00000000
_EIEbits                          00000000
_EIR                              00000000
_EIRbits                          00000000
_EPAUS                            00000000
_EPAUSH                           00000000
_EPAUSL                           00000000
_EPKTCNT                          00000000
_EPMCS                            00000000
_EPMCSH                           00000000
_EPMCSL                           00000000
_EPMM0                            00000000
_EPMM1                            00000000
_EPMM2                            00000000
gpasm-0.13.7 beta               Objects/RelayDHCP.asm12-13-2016  15:03:42         PAGE 19


LOC  OBJECT CODE     LINE SOURCE TEXT
  VALUE
 
_EPMM3                            00000000
_EPMM4                            00000000
_EPMM5                            00000000
_EPMM6                            00000000
_EPMM7                            00000000
_EPMO                             00000000
_EPMOH                            00000000
_EPMOL                            00000000
_ERDPT                            00000000
_ERDPTH                           00000000
_ERDPTL                           00000000
_ERXFCON                          00000000
_ERXFCONbits                      00000000
_ERXND                            00000000
_ERXNDH                           00000000
_ERXNDL                           00000000
_ERXRDPT                          00000000
_ERXRDPTH                         00000000
_ERXRDPTL                         00000000
_ERXST                            00000000
_ERXSTH                           00000000
_ERXSTL                           00000000
_ERXWRPT                          00000000
_ERXWRPTH                         00000000
_ERXWRPTL                         00000000
_ESTAT                            00000000
_ESTATbits                        00000000
_ETXND                            00000000
_ETXNDH                           00000000
_ETXNDL                           00000000
_ETXST                            00000000
_ETXSTH                           00000000
_ETXSTL                           00000000
_EWOLIE                           00000000
_EWOLIEbits                       00000000
_EWOLIR                           00000000
_EWOLIRbits                       00000000
_EWRPT                            00000000
_EWRPTH                           00000000
_EWRPTL                           00000000
_FSR0H                            00000000
_FSR0L                            00000000
_FSR1H                            00000000
_FSR1L                            00000000
_FSR2H                            00000000
_FSR2L                            00000000
_INDF0                            00000000
_INDF1                            00000000
_INDF2                            00000000
_INTCON                           00000000
_INTCON2                          00000000
_INTCON2bits                      00000000
_INTCON3                          00000000
_INTCON3bits                      00000000
gpasm-0.13.7 beta               Objects/RelayDHCP.asm12-13-2016  15:03:42         PAGE 20


LOC  OBJECT CODE     LINE SOURCE TEXT
  VALUE
 
_INTCONbits                       00000000
_IPR1                             00000000
_IPR1bits                         00000000
_IPR2                             00000000
_IPR2bits                         00000000
_IPR3                             00000000
_IPR3bits                         00000000
_LATA                             00000000
_LATAbits                         00000000
_LATB                             00000000
_LATBbits                         00000000
_LATC                             00000000
_LATCbits                         00000000
_LATD                             00000000
_LATDbits                         00000000
_LATE                             00000000
_LATEbits                         00000000
_LATF                             00000000
_LATFbits                         00000000
_LATG                             00000000
_LATGbits                         00000000
_LATH                             00000000
_LATHbits                         00000000
_LATJ                             00000000
_LATJbits                         00000000
_LCDErase                         00000000
_LCDText                          00000000
_MAADR1                           00000000
_MAADR2                           00000000
_MAADR3                           00000000
_MAADR4                           00000000
_MAADR5                           00000000
_MAADR6                           00000000
_MABBIPG                          00000000
_MACLCON1                         00000000
_MACLCON1bits                     00000000
_MACLCON2                         00000000
_MACLCON2bits                     00000000
_MACON1                           00000000
_MACON1bits                       00000000
_MACON2                           00000000
_MACON2bits                       00000000
_MACON3                           00000000
_MACON3bits                       00000000
_MACON4                           00000000
_MACON4bits                       00000000
_MAIPG                            00000000
_MAIPGH                           00000000
_MAIPGL                           00000000
_MAMXFL                           00000000
_MAMXFLH                          00000000
_MAMXFLL                          00000000
_MEMCON                           00000000
_MEMCONbits                       00000000
gpasm-0.13.7 beta               Objects/RelayDHCP.asm12-13-2016  15:03:42         PAGE 21


LOC  OBJECT CODE     LINE SOURCE TEXT
  VALUE
 
_MICMD                            00000000
_MICMDbits                        00000000
_MICON                            00000000
_MICONbits                        00000000
_MIRD                             00000000
_MIRDH                            00000000
_MIRDL                            00000000
_MIREGADR                         00000000
_MISTAT                           00000000
_MISTATbits                       00000000
_MIWR                             00000000
_MIWRH                            00000000
_MIWRL                            00000000
_OSCCON                           00000000
_OSCCONbits                       00000000
_OSCTUNE                          00000000
_OSCTUNEbits                      00000000
_PC                               00000000
_PCL                              00000000
_PCLATH                           00000000
_PCLATU                           00000000
_PIE1                             00000000
_PIE1bits                         00000000
_PIE2                             00000000
_PIE2bits                         00000000
_PIE3                             00000000
_PIE3bits                         00000000
_PIR1                             00000000
_PIR1bits                         00000000
_PIR2                             00000000
_PIR2bits                         00000000
_PIR3                             00000000
_PIR3bits                         00000000
_PLUSW0                           00000000
_PLUSW1                           00000000
_PLUSW2                           00000000
_PORTA                            00000000
_PORTAbits                        00000000
_PORTB                            00000000
_PORTBbits                        00000000
_PORTC                            00000000
_PORTCbits                        00000000
_PORTD                            00000000
_PORTDbits                        00000000
_PORTE                            00000000
_PORTEbits                        00000000
_PORTF                            00000000
_PORTFbits                        00000000
_PORTG                            00000000
_PORTGbits                        00000000
_PORTH                            00000000
_PORTHbits                        00000000
_PORTJ                            00000000
_PORTJbits                        00000000
gpasm-0.13.7 beta               Objects/RelayDHCP.asm12-13-2016  15:03:42         PAGE 22


LOC  OBJECT CODE     LINE SOURCE TEXT
  VALUE
 
_POSTDEC0                         00000000
_POSTDEC1                         00000000
_POSTDEC2                         00000000
_POSTINC0                         00000000
_POSTINC1                         00000000
_POSTINC2                         00000000
_PR2                              00000000
_PR4                              00000000
_PREINC0                          00000000
_PREINC1                          00000000
_PREINC2                          00000000
_PROD                             00000000
_PRODH                            00000000
_PRODL                            00000000
_PSPCON                           00000000
_PSPCONbits                       00000000
_RCON                             00000000
_RCONbits                         00000000
_RCREG                            00000000
_RCREG1                           00000000
_RCREG2                           00000000
_RCSTA                            00000000
_RCSTA1                           00000000
_RCSTA1bits                       00000000
_RCSTA2                           00000000
_RCSTA2bits                       00000000
_RCSTAbits                        00000000
_Receive                          00000000
_ReceiveInput                     00000000
_ReceiveInput_clientHeader_1_1    00000000
_SPBRG                            00000000
_SPBRG1                           00000000
_SPBRG2                           00000000
_SPBRGH                           00000000
_SPBRGH1                          00000000
_SPBRGH2                          00000000
_SSP1ADD                          00000000
_SSP1BUF                          00000000
_SSP1CON1                         00000000
_SSP1CON1bits                     00000000
_SSP1CON2                         00000000
_SSP1CON2bits                     00000000
_SSP1STAT                         00000000
_SSP1STATbits                     00000000
_SSP2ADD                          00000000
_SSP2BUF                          00000000
_SSP2CON1                         00000000
_SSP2CON1bits                     00000000
_SSP2CON2                         00000000
_SSP2CON2bits                     00000000
_SSP2STAT                         00000000
_SSP2STATbits                     00000000
_SSPADD                           00000000
_SSPBUF                           00000000
gpasm-0.13.7 beta               Objects/RelayDHCP.asm12-13-2016  15:03:42         PAGE 23


LOC  OBJECT CODE     LINE SOURCE TEXT
  VALUE
 
_SSPCON1                          00000000
_SSPCON1bits                      00000000
_SSPCON2                          00000000
_SSPCON2bits                      00000000
_SSPSTAT                          00000000
_SSPSTATbits                      00000000
_SSocket                          00000000
_STATUS                           00000000
_STATUSbits                       00000000
_STKPTR                           00000000
_STKPTRbits                       00000000
_T0CON                            00000000
_T0CONbits                        00000000
_T1CON                            00000000
_T1CONbits                        00000000
_T2CON                            00000000
_T2CONbits                        00000000
_T3CON                            00000000
_T3CONbits                        00000000
_T4CON                            00000000
_T4CONbits                        00000000
_TABLAT                           00000000
_TBLPTR                           00000000
_TBLPTRH                          00000000
_TBLPTRL                          00000000
_TBLPTRU                          00000000
_TMR0H                            00000000
_TMR0L                            00000000
_TMR1H                            00000000
_TMR1L                            00000000
_TMR2                             00000000
_TMR3H                            00000000
_TMR3L                            00000000
_TMR4                             00000000
_TOS                              00000000
_TOSH                             00000000
_TOSL                             00000000
_TOSU                             00000000
_TRISA                            00000000
_TRISAbits                        00000000
_TRISB                            00000000
_TRISBbits                        00000000
_TRISC                            00000000
_TRISCbits                        00000000
_TRISD                            00000000
_TRISDbits                        00000000
_TRISE                            00000000
_TRISEbits                        00000000
_TRISF                            00000000
_TRISFbits                        00000000
_TRISG                            00000000
_TRISGbits                        00000000
_TRISH                            00000000
_TRISHbits                        00000000
gpasm-0.13.7 beta               Objects/RelayDHCP.asm12-13-2016  15:03:42         PAGE 24


LOC  OBJECT CODE     LINE SOURCE TEXT
  VALUE
 
_TRISJ                            00000000
_TRISJbits                        00000000
_TXREG                            00000000
_TXREG1                           00000000
_TXREG2                           00000000
_TXSTA                            00000000
_TXSTA1                           00000000
_TXSTA1bits                       00000000
_TXSTA2                           00000000
_TXSTA2bits                       00000000
_TXSTAbits                        00000000
_UDPDiscard                       00000000
_UDPGetArray                      00000000
_UDPIsGetReady                    00000000
_UDPOpen                          00000000
_UDPRxCount                       00000000
_UDPSocketInfo                    00000000
_UDPTxCount                       00000000
_WDTCON                           00000000
_WDTCONbits                       00000000
_WREG                             00000000
__18F97J60                        00000001
__str_0                           0000009A
__str_1                           000000A8
_activeUDPSocket                  00000000
_getARP                           00000000
_relayEnable                      00000000
_stdin                            00000000
_stdout                           00000000
r0x00                             00000000
r0x01                             00000001
r0x02                             00000002
r0x03                             00000003
r0x04                             00000004
r0x05                             00000005


Errors   :       0
Warnings :       0 reported,       0 suppressed
Messages :       0 reported,       0 suppressed

